#
# There is insufficient memory for the Java Runtime Environment to continue.
# Native memory allocation (malloc) failed to allocate 32744 bytes for ChunkPool::allocate
# Possible reasons:
#   The system is out of physical RAM or swap space
#   The process is running with CompressedOops enabled, and the Java Heap may be blocking the growth of the native heap
# Possible solutions:
#   Reduce memory load on the system
#   Increase physical memory or swap space
#   Check if swap backing store is full
#   Decrease Java heap size (-Xmx/-Xms)
#   Decrease number of Java threads
#   Decrease Java thread stack sizes (-Xss)
#   Set larger code cache with -XX:ReservedCodeCacheSize=
#   JVM is running with Unscaled Compressed Oops mode in which the Java heap is
#     placed in the first 4GB address space. The Java Heap base address is the
#     maximum limit for the native heap growth. Please use -XX:HeapBaseMinAddress
#     to set the Java Heap base and to place the Java Heap above 4GB virtual address.
# This output file may be truncated or incomplete.
#
#  Out of Memory Error (allocation.cpp:272), pid=4836, tid=0x0000000000000a64
#
# JRE version: OpenJDK Runtime Environment (8.0_202-b03) (build 1.8.0_202-release-1483-b03)
# Java VM: OpenJDK 64-Bit Server VM (25.202-b03 mixed mode windows-amd64 compressed oops)
# Failed to write core dump. Minidumps are not enabled by default on client versions of Windows
#

---------------  T H R E A D  ---------------

Current thread (0x000000001681c800):  JavaThread "C2 CompilerThread1" daemon [_thread_in_native, id=2660, stack(0x0000000017f80000,0x0000000018080000)]

Stack: [0x0000000017f80000,0x0000000018080000]
[error occurred during error reporting (printing stack bounds), id 0xc0000005]

Native frames: (J=compiled Java code, j=interpreted, Vv=VM code, C=native code)


Current CompileTask:
C2: 281802 9966       4       java.io.PrintStream::ensureOpen (18 bytes)


---------------  P R O C E S S  ---------------

Java Threads: ( => current thread )
  0x000000001aef2800 JavaThread "RMI TCP Connection(idle)" daemon [_thread_blocked, id=15364, stack(0x0000000023a30000,0x0000000023b30000)]
  0x000000001aef1800 JavaThread "RMI Reaper" [_thread_blocked, id=16164, stack(0x0000000023830000,0x0000000023930000)]
  0x000000001aef0000 JavaThread "RMI TCP Accept-0" daemon [_thread_in_native, id=15372, stack(0x0000000023730000,0x0000000023830000)]
  0x000000001aeec800 JavaThread "GC Daemon" daemon [_thread_blocked, id=12684, stack(0x0000000023630000,0x0000000023730000)]
  0x000000001aef1000 JavaThread "RMI RenewClean-[127.0.0.1:17412,org.jetbrains.kotlin.daemon.common.LoopbackNetworkInterface$ClientLoopbackSocketFactory@342723c1]" daemon [_thread_blocked, id=2656, stack(0x0000000023530000,0x0000000023630000)]
  0x0000000018fd1000 JavaThread "RMI Scheduler(0)" daemon [_thread_blocked, id=11276, stack(0x0000000023430000,0x0000000023530000)]
  0x000000001a045000 JavaThread "Asynchronous log dispatcher for DefaultDaemonConnection: socket connection from /127.0.0.1:58963 to /127.0.0.1:59357" [_thread_blocked, id=15788, stack(0x000000001baa0000,0x000000001bba0000)]
  0x000000001a048000 JavaThread "Daemon worker Thread 2" [_thread_blocked, id=15692, stack(0x000000001b7a0000,0x000000001b8a0000)]
  0x000000001a043800 JavaThread "Cancel handler" [_thread_blocked, id=4420, stack(0x00000000012e0000,0x00000000013e0000)]
  0x000000001a040800 JavaThread "Handler for socket connection from /127.0.0.1:58963 to /127.0.0.1:59357" [_thread_in_native, id=15716, stack(0x00000000011e0000,0x00000000012e0000)]
  0x000000001a046800 JavaThread "Daemon Thread 2" [_thread_blocked, id=15760, stack(0x00000000010e0000,0x00000000011e0000)]
  0x000000001a043000 JavaThread "pool-1-thread-1" [_thread_blocked, id=1732, stack(0x000000001d570000,0x000000001d670000)]
  0x000000001a047800 JavaThread "Cache worker for file content cache (C:\Users\Vince\.gradle\caches\4.10.1\fileContent)" [_thread_blocked, id=9336, stack(0x0000000022330000,0x0000000022430000)]
  0x000000001a041800 JavaThread "Memory manager" [_thread_blocked, id=13824, stack(0x0000000021210000,0x0000000021310000)]
  0x0000000018fd3800 JavaThread "Cache worker for Artifact transforms cache (C:\Users\Vince\.gradle\caches\transforms-1)" [_thread_blocked, id=8420, stack(0x000000001f060000,0x000000001f160000)]
  0x0000000018fd2000 JavaThread "Cache worker for journal cache (C:\Users\Vince\.gradle\caches\journal-1)" [_thread_blocked, id=1152, stack(0x000000001d470000,0x000000001d570000)]
  0x000000001a155000 JavaThread "File lock request listener" [_thread_in_native, id=8992, stack(0x000000001c2a0000,0x000000001c3a0000)]
  0x0000000019ba7000 JavaThread "Cache worker for file hash cache (C:\Users\Vince\.gradle\caches\4.10.1\fileHashes)" [_thread_blocked, id=9616, stack(0x000000001c1a0000,0x000000001c2a0000)]
  0x000000001a2bd000 JavaThread "Daemon periodic checks" [_thread_blocked, id=5300, stack(0x000000001b6a0000,0x000000001b7a0000)]
  0x00000000196a4000 JavaThread "Incoming local TCP Connector on port 58963" [_thread_in_native, id=1788, stack(0x000000001b460000,0x000000001b560000)]
  0x000000001687b000 JavaThread "Service Thread" daemon [_thread_blocked, id=11532, stack(0x0000000018580000,0x0000000018680000)]
  0x000000001682b000 JavaThread "C1 CompilerThread2" daemon [_thread_blocked, id=8968, stack(0x0000000018080000,0x0000000018180000)]
=>0x000000001681c800 JavaThread "C2 CompilerThread1" daemon [_thread_in_native, id=2660, stack(0x0000000017f80000,0x0000000018080000)]
  0x0000000016818800 JavaThread "C2 CompilerThread0" daemon [_thread_blocked, id=1844, stack(0x0000000017e80000,0x0000000017f80000)]
  0x0000000016826800 JavaThread "Attach Listener" daemon [_thread_blocked, id=1704, stack(0x0000000017d80000,0x0000000017e80000)]
  0x0000000016825000 JavaThread "Signal Dispatcher" daemon [_thread_blocked, id=8424, stack(0x0000000017c80000,0x0000000017d80000)]
  0x0000000002eab000 JavaThread "Finalizer" daemon [_thread_blocked, id=2384, stack(0x0000000017a80000,0x0000000017b80000)]
  0x0000000016809000 JavaThread "Reference Handler" daemon [_thread_blocked, id=10060, stack(0x0000000017980000,0x0000000017a80000)]
  0x000000000145e000 JavaThread "main" [_thread_blocked, id=10840, stack(0x0000000002c50000,0x0000000002d50000)]

Other Threads:
  0x00000000167e7000 VMThread [stack: 0x0000000017880000,0x0000000017980000] [id=8048]
  0x000000001687e000 WatcherThread [stack: 0x0000000018680000,0x0000000018780000] [id=11732]

VM state:not at safepoint (normal execution)

VM Mutex/Monitor currently owned by a thread: None

heap address: 0x00000000a0000000, size: 1536 MB, Compressed Oops mode: 32-bit
Narrow klass base: 0x0000000000000000, Narrow klass shift: 3
Compressed class space size: 1073741824 Address: 0x0000000100000000

Heap:
 PSYoungGen      total 239616K, used 60692K [0x00000000e0000000, 0x00000000f3900000, 0x0000000100000000)
  eden space 227328K, 25% used [0x00000000e0000000,0x00000000e37f9288,0x00000000ede00000)
  from space 12288K, 27% used [0x00000000eef80000,0x00000000ef2cc010,0x00000000efb80000)
  to   space 17920K, 0% used [0x00000000ede00000,0x00000000ede00000,0x00000000eef80000)
 ParOldGen       total 69120K, used 43215K [0x00000000a0000000, 0x00000000a4380000, 0x00000000e0000000)
  object space 69120K, 62% used [0x00000000a0000000,0x00000000a2a33de8,0x00000000a4380000)
 Metaspace       used 68875K, capacity 70810K, committed 71064K, reserved 1110016K
  class space    used 9062K, capacity 9522K, committed 9648K, reserved 1048576K

Card table byte_map: [0x0000000012270000,0x0000000012580000] byte_map_base: 0x0000000011d70000

Marking Bits: (ParMarkBitMap*) 0x000000006d579f30
 Begin Bits: [0x0000000012b80000, 0x0000000014380000)
 End Bits:   [0x0000000014380000, 0x0000000015b80000)

Polling page: 0x0000000000be0000

CodeCache: size=245760Kb used=27405Kb max_used=27415Kb free=218354Kb
 bounds [0x0000000002eb0000, 0x00000000049b0000, 0x0000000011eb0000]
 total_blobs=9369 nmethods=8549 adapters=733
 compilation: enabled

Compilation events (10 events):
Event: 273.908 Thread 0x000000001682b000 9961       3       org.gradle.internal.serialize.BaseSerializerFactory$EnumSerializer::write (10 bytes)
Event: 273.908 Thread 0x000000001682b000 nmethod 9961 0x0000000003c3a350 code [0x0000000003c3a4e0, 0x0000000003c3a908]
Event: 273.908 Thread 0x000000001682b000 9960       1       org.gradle.internal.logging.events.StyledTextOutputEvent$Span::getText (5 bytes)
Event: 273.908 Thread 0x000000001682b000 nmethod 9960 0x0000000003e3df10 code [0x0000000003e3e060, 0x0000000003e3e170]
Event: 279.933 Thread 0x000000001682b000 9962       3       org.gradle.internal.logging.text.AbstractLineChoppingStyledTextOutput$1::execute (9 bytes)
Event: 279.933 Thread 0x000000001682b000 nmethod 9962 0x0000000003b30890 code [0x0000000003b30a00, 0x0000000003b30ce8]
Event: 281.748 Thread 0x0000000016818800 9963       4       java.nio.Buffer::hasRemaining (17 bytes)
Event: 281.748 Thread 0x0000000016818800 nmethod 9963 0x0000000003a7c690 code [0x0000000003a7c7c0, 0x0000000003a7c838]
Event: 281.749 Thread 0x000000001682b000 9964   !   3       java.io.BufferedReader::readLine (304 bytes)
Event: 281.750 Thread 0x000000001681c800 9966       4       java.io.PrintStream::ensureOpen (18 bytes)

GC Heap History (10 events):
Event: 18.208 GC heap before
{Heap before GC invocations=13 (full 2):
 PSYoungGen      total 178688K, used 178676K [0x00000000e0000000, 0x00000000ebf00000, 0x0000000100000000)
  eden space 166912K, 100% used [0x00000000e0000000,0x00000000ea300000,0x00000000ea300000)
  from space 11776K, 99% used [0x00000000eb380000,0x00000000ebefd208,0x00000000ebf00000)
  to   space 14336K, 0% used [0x00000000ea300000,0x00000000ea300000,0x00000000eb100000)
 ParOldGen       total 69120K, used 20314K [0x00000000a0000000, 0x00000000a4380000, 0x00000000e0000000)
  object space 69120K, 29% used [0x00000000a0000000,0x00000000a13d69f0,0x00000000a4380000)
 Metaspace       used 49797K, capacity 50756K, committed 51112K, reserved 1093632K
  class space    used 6673K, capacity 6969K, committed 7088K, reserved 1048576K
Event: 18.241 GC heap after
Heap after GC invocations=13 (full 2):
 PSYoungGen      total 181248K, used 5282K [0x00000000e0000000, 0x00000000efd80000, 0x0000000100000000)
  eden space 166912K, 0% used [0x00000000e0000000,0x00000000e0000000,0x00000000ea300000)
  from space 14336K, 36% used [0x00000000ea300000,0x00000000ea828888,0x00000000eb100000)
  to   space 14336K, 0% used [0x00000000eef80000,0x00000000eef80000,0x00000000efd80000)
 ParOldGen       total 69120K, used 28636K [0x00000000a0000000, 0x00000000a4380000, 0x00000000e0000000)
  object space 69120K, 41% used [0x00000000a0000000,0x00000000a1bf7188,0x00000000a4380000)
 Metaspace       used 49797K, capacity 50756K, committed 51112K, reserved 1093632K
  class space    used 6673K, capacity 6969K, committed 7088K, reserved 1048576K
}
Event: 21.607 GC heap before
{Heap before GC invocations=14 (full 2):
 PSYoungGen      total 181248K, used 108691K [0x00000000e0000000, 0x00000000efd80000, 0x0000000100000000)
  eden space 166912K, 61% used [0x00000000e0000000,0x00000000e64fc700,0x00000000ea300000)
  from space 14336K, 36% used [0x00000000ea300000,0x00000000ea828888,0x00000000eb100000)
  to   space 14336K, 0% used [0x00000000eef80000,0x00000000eef80000,0x00000000efd80000)
 ParOldGen       total 69120K, used 28636K [0x00000000a0000000, 0x00000000a4380000, 0x00000000e0000000)
  object space 69120K, 41% used [0x00000000a0000000,0x00000000a1bf7188,0x00000000a4380000)
 Metaspace       used 57587K, capacity 58998K, committed 59160K, reserved 1099776K
  class space    used 7816K, capacity 8214K, committed 8240K, reserved 1048576K
Event: 21.630 GC heap after
Heap after GC invocations=14 (full 2):
 PSYoungGen      total 238592K, used 12045K [0x00000000e0000000, 0x00000000efb80000, 0x0000000100000000)
  eden space 226304K, 0% used [0x00000000e0000000,0x00000000e0000000,0x00000000edd00000)
  from space 12288K, 98% used [0x00000000eef80000,0x00000000efb43760,0x00000000efb80000)
  to   space 15360K, 0% used [0x00000000edd80000,0x00000000edd80000,0x00000000eec80000)
 ParOldGen       total 69120K, used 30181K [0x00000000a0000000, 0x00000000a4380000, 0x00000000e0000000)
  object space 69120K, 43% used [0x00000000a0000000,0x00000000a1d79628,0x00000000a4380000)
 Metaspace       used 57587K, capacity 58998K, committed 59160K, reserved 1099776K
  class space    used 7816K, capacity 8214K, committed 8240K, reserved 1048576K
}
Event: 21.630 GC heap before
{Heap before GC invocations=15 (full 3):
 PSYoungGen      total 238592K, used 12045K [0x00000000e0000000, 0x00000000efb80000, 0x0000000100000000)
  eden space 226304K, 0% used [0x00000000e0000000,0x00000000e0000000,0x00000000edd00000)
  from space 12288K, 98% used [0x00000000eef80000,0x00000000efb43760,0x00000000efb80000)
  to   space 15360K, 0% used [0x00000000edd80000,0x00000000edd80000,0x00000000eec80000)
 ParOldGen       total 69120K, used 30181K [0x00000000a0000000, 0x00000000a4380000, 0x00000000e0000000)
  object space 69120K, 43% used [0x00000000a0000000,0x00000000a1d79628,0x00000000a4380000)
 Metaspace       used 57587K, capacity 58998K, committed 59160K, reserved 1099776K
  class space    used 7816K, capacity 8214K, committed 8240K, reserved 1048576K
Event: 21.874 GC heap after
Heap after GC invocations=15 (full 3):
 PSYoungGen      total 238592K, used 0K [0x00000000e0000000, 0x00000000efb80000, 0x0000000100000000)
  eden space 226304K, 0% used [0x00000000e0000000,0x00000000e0000000,0x00000000edd00000)
  from space 12288K, 0% used [0x00000000eef80000,0x00000000eef80000,0x00000000efb80000)
  to   space 15360K, 0% used [0x00000000edd80000,0x00000000edd80000,0x00000000eec80000)
 ParOldGen       total 69120K, used 35153K [0x00000000a0000000, 0x00000000a4380000, 0x00000000e0000000)
  object space 69120K, 50% used [0x00000000a0000000,0x00000000a22546b0,0x00000000a4380000)
 Metaspace       used 57587K, capacity 58998K, committed 59160K, reserved 1099776K
  class space    used 7816K, capacity 8214K, committed 8240K, reserved 1048576K
}
Event: 84.100 GC heap before
{Heap before GC invocations=16 (full 3):
 PSYoungGen      total 238592K, used 226304K [0x00000000e0000000, 0x00000000efb80000, 0x0000000100000000)
  eden space 226304K, 100% used [0x00000000e0000000,0x00000000edd00000,0x00000000edd00000)
  from space 12288K, 0% used [0x00000000eef80000,0x00000000eef80000,0x00000000efb80000)
  to   space 15360K, 0% used [0x00000000edd80000,0x00000000edd80000,0x00000000eec80000)
 ParOldGen       total 69120K, used 35153K [0x00000000a0000000, 0x00000000a4380000, 0x00000000e0000000)
  object space 69120K, 50% used [0x00000000a0000000,0x00000000a22546b0,0x00000000a4380000)
 Metaspace       used 66002K, capacity 67704K, committed 67864K, reserved 1107968K
  class space    used 8749K, capacity 9230K, committed 9264K, reserved 1048576K
Event: 84.132 GC heap after
Heap after GC invocations=16 (full 3):
 PSYoungGen      total 241664K, used 15335K [0x00000000e0000000, 0x00000000efb80000, 0x0000000100000000)
  eden space 226304K, 0% used [0x00000000e0000000,0x00000000e0000000,0x00000000edd00000)
  from space 15360K, 99% used [0x00000000edd80000,0x00000000eec79ee8,0x00000000eec80000)
  to   space 12288K, 0% used [0x00000000eef80000,0x00000000eef80000,0x00000000efb80000)
 ParOldGen       total 69120K, used 36370K [0x00000000a0000000, 0x00000000a4380000, 0x00000000e0000000)
  object space 69120K, 52% used [0x00000000a0000000,0x00000000a2384810,0x00000000a4380000)
 Metaspace       used 66002K, capacity 67704K, committed 67864K, reserved 1107968K
  class space    used 8749K, capacity 9230K, committed 9264K, reserved 1048576K
}
Event: 268.175 GC heap before
{Heap before GC invocations=17 (full 3):
 PSYoungGen      total 241664K, used 241639K [0x00000000e0000000, 0x00000000efb80000, 0x0000000100000000)
  eden space 226304K, 100% used [0x00000000e0000000,0x00000000edd00000,0x00000000edd00000)
  from space 15360K, 99% used [0x00000000edd80000,0x00000000eec79ee8,0x00000000eec80000)
  to   space 12288K, 0% used [0x00000000eef80000,0x00000000eef80000,0x00000000efb80000)
 ParOldGen       total 69120K, used 36370K [0x00000000a0000000, 0x00000000a4380000, 0x00000000e0000000)
  object space 69120K, 52% used [0x00000000a0000000,0x00000000a2384810,0x00000000a4380000)
 Metaspace       used 66950K, capacity 68789K, committed 69016K, reserved 1110016K
  class space    used 8775K, capacity 9267K, committed 9392K, reserved 1048576K
Event: 268.190 GC heap after
Heap after GC invocations=17 (full 3):
 PSYoungGen      total 239616K, used 3376K [0x00000000e0000000, 0x00000000f3900000, 0x0000000100000000)
  eden space 227328K, 0% used [0x00000000e0000000,0x00000000e0000000,0x00000000ede00000)
  from space 12288K, 27% used [0x00000000eef80000,0x00000000ef2cc010,0x00000000efb80000)
  to   space 17920K, 0% used [0x00000000ede00000,0x00000000ede00000,0x00000000eef80000)
 ParOldGen       total 69120K, used 43215K [0x00000000a0000000, 0x00000000a4380000, 0x00000000e0000000)
  object space 69120K, 62% used [0x00000000a0000000,0x00000000a2a33de8,0x00000000a4380000)
 Metaspace       used 66950K, capacity 68789K, committed 69016K, reserved 1110016K
  class space    used 8775K, capacity 9267K, committed 9392K, reserved 1048576K
}

Deoptimization events (10 events):
Event: 270.215 Thread 0x0000000018fd5000 Uncommon trap: reason=unstable_if action=reinterpret pc=0x0000000003a26cf8 method=java.util.TreeMap.put(Ljava/lang/Object;Ljava/lang/Object;)Ljava/lang/Object; @ 163
Event: 270.432 Thread 0x0000000018fd5000 Uncommon trap: reason=unstable_if action=reinterpret pc=0x000000000495e94c method=java.io.ObjectOutputStream.writeObject0(Ljava/lang/Object;Z)V @ 477
Event: 270.432 Thread 0x0000000018fd5000 Uncommon trap: reason=unstable_if action=reinterpret pc=0x000000000447d370 method=java.io.ObjectStreamClass.writeNonProxy(Ljava/io/ObjectOutputStream;)V @ 77
Event: 270.441 Thread 0x0000000018fd5000 Uncommon trap: reason=unstable_if action=reinterpret pc=0x000000000494d4a0 method=java.io.ObjectOutputStream.writeClassDesc(Ljava/io/ObjectStreamClass;Z)V @ 41
Event: 270.477 Thread 0x000000001aef2800 Uncommon trap: reason=class_check action=maybe_recompile pc=0x00000000044769c4 method=java.lang.ThreadLocal.set(Ljava/lang/Object;)V @ 26
Event: 270.480 Thread 0x000000001aef2800 Uncommon trap: reason=bimorphic action=maybe_recompile pc=0x00000000037d0470 method=java.util.Hashtable.get(Ljava/lang/Object;)Ljava/lang/Object; @ 6
Event: 270.481 Thread 0x000000001aef2800 Uncommon trap: reason=bimorphic action=maybe_recompile pc=0x00000000037d0470 method=java.util.Hashtable.get(Ljava/lang/Object;)Ljava/lang/Object; @ 6
Event: 273.883 Thread 0x0000000018fd5000 Uncommon trap: reason=unstable_if action=reinterpret pc=0x0000000003db79ec method=org.gradle.internal.logging.text.AbstractLineChoppingStyledTextOutput$2.execute(Lorg/gradle/internal/logging/text/AbstractLineChoppingStyledTextOutput$StateContext;)V @ 30
Event: 279.933 Thread 0x0000000018fd5000 Uncommon trap: reason=unstable_if action=reinterpret pc=0x0000000003287a0c method=org.gradle.internal.logging.text.AbstractLineChoppingStyledTextOutput$2.execute(Lorg/gradle/internal/logging/text/AbstractLineChoppingStyledTextOutput$StateContext;)V @ 30
Event: 281.748 Thread 0x000000001aef3000 Uncommon trap: reason=unstable_if action=reinterpret pc=0x000000000434db84 method=java.io.BufferedReader.readLine(Z)Ljava/lang/String; @ 192

Classes redefined (0 events):
No events

Internal exceptions (10 events):
Event: 269.973 Thread 0x0000000018fd5000 Exception <a 'java/lang/NoSuchMethodError': <clinit>> (0x00000000e1e02ff8) thrown at [D:\src\AOSP-openjdk-cygwin\jdk8u\hotspot\src\share\vm\prims\jni.cpp, line 1614]
Event: 270.346 Thread 0x0000000018fd5000 Exception <a 'java/lang/NoSuchMethodError': <clinit>> (0x00000000e3028cb0) thrown at [D:\src\AOSP-openjdk-cygwin\jdk8u\hotspot\src\share\vm\prims\jni.cpp, line 1614]
Event: 270.432 Thread 0x0000000018fd5000 Exception <a 'java/lang/NoSuchMethodError': <clinit>> (0x00000000e310e338) thrown at [D:\src\AOSP-openjdk-cygwin\jdk8u\hotspot\src\share\vm\prims\jni.cpp, line 1614]
Event: 273.881 Thread 0x000000001aef2800 Exception <a 'sun/net/ConnectionResetException': > (0x00000000e331cf60) thrown at [D:\src\AOSP-openjdk-cygwin\jdk8u\hotspot\src\share\vm\prims\jni.cpp, line 736]
Event: 273.881 Thread 0x0000000018fd5000 Exception <a 'sun/net/ConnectionResetException': > (0x00000000e32baab0) thrown at [D:\src\AOSP-openjdk-cygwin\jdk8u\hotspot\src\share\vm\prims\jni.cpp, line 736]
Event: 273.881 Thread 0x000000001aef2800 Exception <a 'sun/net/ConnectionResetException': > (0x00000000e331d190) thrown at [D:\src\AOSP-openjdk-cygwin\jdk8u\hotspot\src\share\vm\prims\jni.cpp, line 736]
Event: 273.881 Thread 0x0000000018fd5000 Exception <a 'sun/net/ConnectionResetException': > (0x00000000e32bb0b0) thrown at [D:\src\AOSP-openjdk-cygwin\jdk8u\hotspot\src\share\vm\prims\jni.cpp, line 736]
Event: 275.905 Thread 0x0000000018fd5000 Exception <a 'java/net/ConnectException': Connection refused: connect> (0x00000000e33ce7f0) thrown at [D:\src\AOSP-openjdk-cygwin\jdk8u\hotspot\src\share\vm\prims\jni.cpp, line 736]
Event: 277.920 Thread 0x0000000018fd5000 Exception <a 'java/net/ConnectException': Connection refused: connect> (0x00000000e33cf4b8) thrown at [D:\src\AOSP-openjdk-cygwin\jdk8u\hotspot\src\share\vm\prims\jni.cpp, line 736]
Event: 279.932 Thread 0x0000000018fd5000 Exception <a 'java/net/ConnectException': Connection refused: connect> (0x00000000e33d0180) thrown at [D:\src\AOSP-openjdk-cygwin\jdk8u\hotspot\src\share\vm\prims\jni.cpp, line 736]

Events (10 events):
Event: 273.899 Thread 0x000000001682b000 flushing nmethod 0x000000000405bfd0
Event: 279.933 Thread 0x0000000018fd5000 Uncommon trap: trap_request=0xffffff65 fr.pc=0x0000000003287a0c
Event: 279.933 Thread 0x0000000018fd5000 DEOPT PACKING pc=0x0000000003287a0c sp=0x000000002322cc00
Event: 279.933 Thread 0x0000000018fd5000 DEOPT UNPACKING pc=0x0000000002ef557b sp=0x000000002322ca88 mode 2
Event: 280.030 Thread 0x000000001aef3000 Thread added: 0x000000001aef3000
Event: 281.748 Thread 0x000000001aef3000 Uncommon trap: trap_request=0xffffff65 fr.pc=0x000000000434db84
Event: 281.748 Executing VM operation: RevokeBias
Event: 281.748 Executing VM operation: RevokeBias done
Event: 281.748 Thread 0x000000001aef3000 DEOPT PACKING pc=0x000000000434db84 sp=0x0000000023c2f210
Event: 281.748 Thread 0x000000001aef3000 DEOPT UNPACKING pc=0x0000000002ef557b sp=0x0000000023c2f210 mode 2


Dynamic libraries:
0x00007ff7e2ed0000 - 0x00007ff7e2f01000 	C:\Program Files\Android\Android Studio\jre\bin\java.exe
0x00007ff89c7e0000 - 0x00007ff89c9d0000 	C:\WINDOWS\SYSTEM32\ntdll.dll
0x00007ff89c610000 - 0x00007ff89c6c2000 	C:\WINDOWS\System32\KERNEL32.DLL
0x00007ff899e10000 - 0x00007ff89a0b3000 	C:\WINDOWS\System32\KERNELBASE.dll
0x00007ff89b290000 - 0x00007ff89b333000 	C:\WINDOWS\System32\ADVAPI32.dll
0x00007ff89c510000 - 0x00007ff89c5ae000 	C:\WINDOWS\System32\msvcrt.dll
0x00007ff89a890000 - 0x00007ff89a927000 	C:\WINDOWS\System32\sechost.dll
0x00007ff89b700000 - 0x00007ff89b820000 	C:\WINDOWS\System32\RPCRT4.dll
0x00007ff89b0f0000 - 0x00007ff89b284000 	C:\WINDOWS\System32\USER32.dll
0x00007ff8998a0000 - 0x00007ff8998c1000 	C:\WINDOWS\System32\win32u.dll
0x00007ff89c330000 - 0x00007ff89c356000 	C:\WINDOWS\System32\GDI32.dll
0x00007ff8998f0000 - 0x00007ff899a84000 	C:\WINDOWS\System32\gdi32full.dll
0x00007ff899d70000 - 0x00007ff899e0e000 	C:\WINDOWS\System32\msvcp_win.dll
0x00007ff899770000 - 0x00007ff89986a000 	C:\WINDOWS\System32\ucrtbase.dll
0x00007ff88d090000 - 0x00007ff88d315000 	C:\WINDOWS\WinSxS\amd64_microsoft.windows.common-controls_6595b64144ccf1df_6.0.18362.657_none_e6c5b579130e3898\COMCTL32.dll
0x00007ff89adb0000 - 0x00007ff89b0e6000 	C:\WINDOWS\System32\combase.dll
0x00007ff899af0000 - 0x00007ff899b70000 	C:\WINDOWS\System32\bcryptPrimitives.dll
0x00007ff89b480000 - 0x00007ff89b4ae000 	C:\WINDOWS\System32\IMM32.DLL
0x000000006cbf0000 - 0x000000006ccc2000 	C:\Program Files\Android\Android Studio\jre\jre\bin\msvcr100.dll
0x000000006cdb0000 - 0x000000006d5f6000 	C:\Program Files\Android\Android Studio\jre\jre\bin\server\jvm.dll
0x00007ff89ada0000 - 0x00007ff89ada8000 	C:\WINDOWS\System32\PSAPI.DLL
0x00007ff898670000 - 0x00007ff898679000 	C:\WINDOWS\SYSTEM32\WSOCK32.dll
0x00007ff8961c0000 - 0x00007ff8961e4000 	C:\WINDOWS\SYSTEM32\WINMM.dll
0x00007ff893110000 - 0x00007ff89311a000 	C:\WINDOWS\SYSTEM32\VERSION.dll
0x00007ff89c020000 - 0x00007ff89c08f000 	C:\WINDOWS\System32\WS2_32.dll
0x00007ff896170000 - 0x00007ff89619d000 	C:\WINDOWS\SYSTEM32\winmmbase.dll
0x00007ff89a0c0000 - 0x00007ff89a10a000 	C:\WINDOWS\System32\cfgmgr32.dll
0x00007ff88c7a0000 - 0x00007ff88c7af000 	C:\Program Files\Android\Android Studio\jre\jre\bin\verify.dll
0x00007ff87d220000 - 0x00007ff87d249000 	C:\Program Files\Android\Android Studio\jre\jre\bin\java.dll
0x00007ff87d1a0000 - 0x00007ff87d1b6000 	C:\Program Files\Android\Android Studio\jre\jre\bin\zip.dll
0x00007ff89b8d0000 - 0x00007ff89bfb5000 	C:\WINDOWS\System32\SHELL32.dll
0x00007ff89b820000 - 0x00007ff89b8c9000 	C:\WINDOWS\System32\shcore.dll
0x00007ff89a110000 - 0x00007ff89a88f000 	C:\WINDOWS\System32\windows.storage.dll
0x00007ff899750000 - 0x00007ff89976f000 	C:\WINDOWS\System32\profapi.dll
0x00007ff899700000 - 0x00007ff89974a000 	C:\WINDOWS\System32\powrprof.dll
0x00007ff8996b0000 - 0x00007ff8996c0000 	C:\WINDOWS\System32\UMPDC.dll
0x00007ff89bfc0000 - 0x00007ff89c012000 	C:\WINDOWS\System32\shlwapi.dll
0x00007ff8996c0000 - 0x00007ff8996d1000 	C:\WINDOWS\System32\kernel.appcore.dll
0x00007ff8998d0000 - 0x00007ff8998e7000 	C:\WINDOWS\System32\cryptsp.dll
0x00007ff87d180000 - 0x00007ff87d19a000 	C:\Program Files\Android\Android Studio\jre\jre\bin\net.dll
0x00007ff898f20000 - 0x00007ff898f87000 	C:\WINDOWS\system32\mswsock.dll
0x00007ff87ceb0000 - 0x00007ff87cec1000 	C:\Program Files\Android\Android Studio\jre\jre\bin\nio.dll
0x00007ff883070000 - 0x00007ff88308e000 	C:\Users\Vince\.gradle\native\25\windows-amd64\native-platform.dll
0x00007ff88c790000 - 0x00007ff88c79d000 	C:\Program Files\Android\Android Studio\jre\jre\bin\management.dll
0x00007ff898a90000 - 0x00007ff898ac3000 	C:\WINDOWS\system32\rsaenh.dll
0x00007ff899870000 - 0x00007ff899896000 	C:\WINDOWS\System32\bcrypt.dll
0x00007ff8995a0000 - 0x00007ff8995c5000 	C:\WINDOWS\SYSTEM32\USERENV.dll
0x00007ff8990f0000 - 0x00007ff8990fc000 	C:\WINDOWS\SYSTEM32\CRYPTBASE.dll
0x00007ff898c30000 - 0x00007ff898c6a000 	C:\WINDOWS\SYSTEM32\IPHLPAPI.DLL
0x00007ff89b6f0000 - 0x00007ff89b6f8000 	C:\WINDOWS\System32\NSI.dll
0x00007ff890240000 - 0x00007ff890256000 	C:\WINDOWS\SYSTEM32\dhcpcsvc6.DLL
0x00007ff891b20000 - 0x00007ff891b3c000 	C:\WINDOWS\SYSTEM32\dhcpcsvc.DLL
0x00007ff898c70000 - 0x00007ff898d3a000 	C:\WINDOWS\SYSTEM32\DNSAPI.dll
0x00007ff8830b0000 - 0x00007ff8830ce000 	C:\Users\Vince\AppData\Local\Temp\native-platform3525121980106895313dir\native-platform.dll

VM Arguments:
jvm_args: -Xmx1536m -Dfile.encoding=windows-1252 -Duser.country=PH -Duser.language=en -Duser.variant 
java_command: org.gradle.launcher.daemon.bootstrap.GradleDaemon 4.10.1
java_class_path (initial): C:\Users\Vince\.gradle\wrapper\dists\gradle-4.10.1-all\455itskqi2qtf0v2sja68alqd\gradle-4.10.1\lib\gradle-launcher-4.10.1.jar
Launcher Type: SUN_STANDARD

Environment Variables:
JAVA_HOME=C:\Program Files\Java\jdk1.8.0_201;C:\MinGW\bin
PATH=C:\Program Files\Microsoft MPI\Bin\;C:\Program Files (x86)\Common Files\Oracle\Java\javapath;C:\Program Files (x86)\Intel\iCLS Client\;C:\Program Files\Intel\iCLS Client\;C:\Windows\system32;C:\Windows;C:\Windows\System32\Wbem;C:\Windows\System32\WindowsPowerShell\v1.0\;C:\Program Files\Intel\WiFi\bin\;C:\Program Files\Common Files\Intel\WirelessCommon\;C:\Program Files (x86)\NVIDIA Corporation\PhysX\Common;C:\Program Files (x86)\Intel\Intel(R) Management Engine Components\DAL;C:\Program Files\Intel\Intel(R) Management Engine Components\DAL;C:\Program Files (x86)\Intel\Intel(R) Management Engine Components\IPT;C:\Program Files\Intel\Intel(R) Management Engine Components\IPT;C:\Program Files\Acer ProShield\;C:\Program Files\Acer ProShield\x86;C:\WINDOWS\system32;C:\WINDOWS;C:\WINDOWS\System32\Wbem;C:\WINDOWS\System32\WindowsPowerShell\v1.0\;C:\WINDOWS\System32\OpenSSH\;C:\MinGW\bin;C:\Program Files\Git\cmd;C:\Program Files\Java\jdk1.8.0_201\bin;C:\adb;C:\Program Files\Java\jdk1.8.0_201\bin
USERNAME=Vince
OS=Windows_NT
PROCESSOR_IDENTIFIER=Intel64 Family 6 Model 142 Stepping 9, GenuineIntel



---------------  S Y S T E M  ---------------

OS: Windows 10.0 , 64 bit Build 18362 (10.0.18362.329)

CPU:total 4 (initial active 4) (2 cores per cpu, 2 threads per core) family 6 model 142 stepping 9, cmov, cx8, fxsr, mmx, sse, sse2, sse3, ssse3, sse4.1, sse4.2, popcnt, avx, avx2, aes, clmul, erms, 3dnowpref, lzcnt, ht, tsc, tscinvbit, bmi1, bmi2, adx

Memory: 4k page, physical 8253672k(1144840k free), swap 10202344k(289580k free)

vm_info: OpenJDK 64-Bit Server VM (25.202-b03) for windows-amd64 JRE (1.8.0_202-release-1483-b03), built by "builder" with MS VC++ 10.0 (VS2010)

time: Sun Feb 23 10:29:33 2020
timezone: China Standard Time
elapsed time: 281 seconds (0d 0h 4m 41s)

