#
# There is insufficient memory for the Java Runtime Environment to continue.
# Native memory allocation (malloc) failed to allocate 1060736 bytes for Chunk::new
# Possible reasons:
#   The system is out of physical RAM or swap space
#   The process is running with CompressedOops enabled, and the Java Heap may be blocking the growth of the native heap
# Possible solutions:
#   Reduce memory load on the system
#   Increase physical memory or swap space
#   Check if swap backing store is full
#   Decrease Java heap size (-Xmx/-Xms)
#   Decrease number of Java threads
#   Decrease Java thread stack sizes (-Xss)
#   Set larger code cache with -XX:ReservedCodeCacheSize=
#   JVM is running with Unscaled Compressed Oops mode in which the Java heap is
#     placed in the first 4GB address space. The Java Heap base address is the
#     maximum limit for the native heap growth. Please use -XX:HeapBaseMinAddress
#     to set the Java Heap base and to place the Java Heap above 4GB virtual address.
# This output file may be truncated or incomplete.
#
#  Out of Memory Error (allocation.cpp:389), pid=5472, tid=0x0000000000002af0
#
# JRE version: OpenJDK Runtime Environment (8.0_202-b03) (build 1.8.0_202-release-1483-b03)
# Java VM: OpenJDK 64-Bit Server VM (25.202-b03 mixed mode windows-amd64 compressed oops)
# Failed to write core dump. Minidumps are not enabled by default on client versions of Windows
#

---------------  T H R E A D  ---------------

Current thread (0x000000001760c000):  JavaThread "C2 CompilerThread0" daemon [_thread_in_native, id=10992, stack(0x0000000018c70000,0x0000000018d70000)]

Stack: [0x0000000018c70000,0x0000000018d70000]
[error occurred during error reporting (printing stack bounds), id 0xc0000005]

Native frames: (J=compiled Java code, j=interpreted, Vv=VM code, C=native code)


Current CompileTask:
C2:   2075 2004   !   4       java.net.URLClassLoader$1::run (63 bytes)


---------------  P R O C E S S  ---------------

Java Threads: ( => current thread )
  0x0000000018f93800 JavaThread "Service Thread" daemon [_thread_blocked, id=11688, stack(0x0000000019370000,0x0000000019470000)]
  0x0000000017607800 JavaThread "C1 CompilerThread2" daemon [_thread_blocked, id=15480, stack(0x0000000018e70000,0x0000000018f70000)]
  0x00000000175fd000 JavaThread "C2 CompilerThread1" daemon [_thread_in_native, id=15688, stack(0x0000000018d70000,0x0000000018e70000)]
=>0x000000001760c000 JavaThread "C2 CompilerThread0" daemon [_thread_in_native, id=10992, stack(0x0000000018c70000,0x0000000018d70000)]
  0x000000001760b000 JavaThread "Attach Listener" daemon [_thread_blocked, id=16336, stack(0x0000000018b70000,0x0000000018c70000)]
  0x0000000017609800 JavaThread "Signal Dispatcher" daemon [_thread_blocked, id=15720, stack(0x0000000018a70000,0x0000000018b70000)]
  0x00000000175eb800 JavaThread "Finalizer" daemon [_thread_blocked, id=9004, stack(0x0000000018870000,0x0000000018970000)]
  0x00000000175e8800 JavaThread "Reference Handler" daemon [_thread_blocked, id=16124, stack(0x0000000018770000,0x0000000018870000)]
  0x0000000002a14000 JavaThread "main" [_thread_in_vm, id=11400, stack(0x00000000028a0000,0x00000000029a0000)]

Other Threads:
  0x00000000175c6800 VMThread [stack: 0x0000000018670000,0x0000000018770000] [id=16004]
  0x000000001765e000 WatcherThread [stack: 0x0000000019470000,0x0000000019570000] [id=7516]

VM state:not at safepoint (normal execution)

VM Mutex/Monitor currently owned by a thread: None

heap address: 0x0000000082000000, size: 2016 MB, Compressed Oops mode: 32-bit
Narrow klass base: 0x0000000000000000, Narrow klass shift: 3
Compressed class space size: 1073741824 Address: 0x0000000100000000

Heap:
 PSYoungGen      total 70656K, used 54192K [0x00000000d6000000, 0x00000000daa00000, 0x0000000100000000)
  eden space 65536K, 82% used [0x00000000d6000000,0x00000000d94ec1e0,0x00000000da000000)
  from space 5120K, 0% used [0x00000000da000000,0x00000000da000000,0x00000000da500000)
  to   space 5120K, 0% used [0x00000000da500000,0x00000000da500000,0x00000000daa00000)
 ParOldGen       total 63488K, used 8831K [0x0000000082000000, 0x0000000085e00000, 0x00000000d6000000)
  object space 63488K, 13% used [0x0000000082000000,0x000000008289fd68,0x0000000085e00000)
 Metaspace       used 27337K, capacity 27716K, committed 27952K, reserved 1073152K
  class space    used 3426K, capacity 3572K, committed 3632K, reserved 1048576K

Card table byte_map: [0x0000000011ed0000,0x00000000122d0000] byte_map_base: 0x0000000011ac0000

Marking Bits: (ParMarkBitMap*) 0x000000006d579f30
 Begin Bits: [0x0000000012970000, 0x00000000148f0000)
 End Bits:   [0x00000000148f0000, 0x0000000016870000)

Polling page: 0x0000000001020000

CodeCache: size=245760Kb used=6053Kb max_used=6053Kb free=239706Kb
 bounds [0x0000000002b10000, 0x0000000003100000, 0x0000000011b10000]
 total_blobs=2418 nmethods=2014 adapters=317
 compilation: enabled

Compilation events (10 events):
Event: 2.061 Thread 0x0000000017607800 2022   !   3       java.util.concurrent.ConcurrentHashMap::transfer (832 bytes)
Event: 2.065 Thread 0x0000000017607800 nmethod 2022 0x00000000030f6210 code [0x00000000030f6580, 0x00000000030f8b78]
Event: 2.065 Thread 0x0000000017607800 2023       3       sun.reflect.generics.visitor.Reifier::make (9 bytes)
Event: 2.065 Thread 0x0000000017607800 nmethod 2023 0x00000000030fac50 code [0x00000000030fadc0, 0x00000000030fb010]
Event: 2.065 Thread 0x0000000017607800 2024       3       sun.reflect.generics.visitor.Reifier::<init> (10 bytes)
Event: 2.065 Thread 0x0000000017607800 nmethod 2024 0x00000000030fb110 code [0x00000000030fb260, 0x00000000030fb430]
Event: 2.068 Thread 0x0000000017607800 2025       3       java.lang.Class$AnnotationData::<init> (20 bytes)
Event: 2.068 Thread 0x0000000017607800 nmethod 2025 0x00000000030fbc50 code [0x00000000030fbda0, 0x00000000030fbf90]
Event: 2.072 Thread 0x0000000017607800 2026       3       java.lang.Class::copyConstructors (38 bytes)
Event: 2.073 Thread 0x0000000017607800 nmethod 2026 0x00000000030fc050 code [0x00000000030fc260, 0x00000000030fcd28]

GC Heap History (8 events):
Event: 0.592 GC heap before
{Heap before GC invocations=1 (full 0):
 PSYoungGen      total 37888K, used 32768K [0x00000000d6000000, 0x00000000d8a00000, 0x0000000100000000)
  eden space 32768K, 100% used [0x00000000d6000000,0x00000000d8000000,0x00000000d8000000)
  from space 5120K, 0% used [0x00000000d8500000,0x00000000d8500000,0x00000000d8a00000)
  to   space 5120K, 0% used [0x00000000d8000000,0x00000000d8000000,0x00000000d8500000)
 ParOldGen       total 86016K, used 0K [0x0000000082000000, 0x0000000087400000, 0x00000000d6000000)
  object space 86016K, 0% used [0x0000000082000000,0x0000000082000000,0x0000000087400000)
 Metaspace       used 9076K, capacity 9876K, committed 10112K, reserved 1058816K
  class space    used 1016K, capacity 1040K, committed 1152K, reserved 1048576K
Event: 0.599 GC heap after
Heap after GC invocations=1 (full 0):
 PSYoungGen      total 37888K, used 5096K [0x00000000d6000000, 0x00000000daa00000, 0x0000000100000000)
  eden space 32768K, 0% used [0x00000000d6000000,0x00000000d6000000,0x00000000d8000000)
  from space 5120K, 99% used [0x00000000d8000000,0x00000000d84fa3e8,0x00000000d8500000)
  to   space 5120K, 0% used [0x00000000da500000,0x00000000da500000,0x00000000daa00000)
 ParOldGen       total 86016K, used 2768K [0x0000000082000000, 0x0000000087400000, 0x00000000d6000000)
  object space 86016K, 3% used [0x0000000082000000,0x00000000822b43a8,0x0000000087400000)
 Metaspace       used 9076K, capacity 9876K, committed 10112K, reserved 1058816K
  class space    used 1016K, capacity 1040K, committed 1152K, reserved 1048576K
}
Event: 1.084 GC heap before
{Heap before GC invocations=2 (full 0):
 PSYoungGen      total 37888K, used 37864K [0x00000000d6000000, 0x00000000daa00000, 0x0000000100000000)
  eden space 32768K, 100% used [0x00000000d6000000,0x00000000d8000000,0x00000000d8000000)
  from space 5120K, 99% used [0x00000000d8000000,0x00000000d84fa3e8,0x00000000d8500000)
  to   space 5120K, 0% used [0x00000000da500000,0x00000000da500000,0x00000000daa00000)
 ParOldGen       total 86016K, used 2768K [0x0000000082000000, 0x0000000087400000, 0x00000000d6000000)
  object space 86016K, 3% used [0x0000000082000000,0x00000000822b43a8,0x0000000087400000)
 Metaspace       used 16893K, capacity 17208K, committed 17536K, reserved 1064960K
  class space    used 2015K, capacity 2126K, committed 2176K, reserved 1048576K
Event: 1.099 GC heap after
Heap after GC invocations=2 (full 0):
 PSYoungGen      total 70656K, used 5088K [0x00000000d6000000, 0x00000000daa00000, 0x0000000100000000)
  eden space 65536K, 0% used [0x00000000d6000000,0x00000000d6000000,0x00000000da000000)
  from space 5120K, 99% used [0x00000000da500000,0x00000000da9f83c0,0x00000000daa00000)
  to   space 5120K, 0% used [0x00000000da000000,0x00000000da000000,0x00000000da500000)
 ParOldGen       total 86016K, used 7734K [0x0000000082000000, 0x0000000087400000, 0x00000000d6000000)
  object space 86016K, 8% used [0x0000000082000000,0x000000008278d940,0x0000000087400000)
 Metaspace       used 16893K, capacity 17208K, committed 17536K, reserved 1064960K
  class space    used 2015K, capacity 2126K, committed 2176K, reserved 1048576K
}
Event: 1.314 GC heap before
{Heap before GC invocations=3 (full 0):
 PSYoungGen      total 70656K, used 22618K [0x00000000d6000000, 0x00000000daa00000, 0x0000000100000000)
  eden space 65536K, 26% used [0x00000000d6000000,0x00000000d711e440,0x00000000da000000)
  from space 5120K, 99% used [0x00000000da500000,0x00000000da9f83c0,0x00000000daa00000)
  to   space 5120K, 0% used [0x00000000da000000,0x00000000da000000,0x00000000da500000)
 ParOldGen       total 86016K, used 7734K [0x0000000082000000, 0x0000000087400000, 0x00000000d6000000)
  object space 86016K, 8% used [0x0000000082000000,0x000000008278d940,0x0000000087400000)
 Metaspace       used 20719K, capacity 21120K, committed 21296K, reserved 1067008K
  class space    used 2659K, capacity 2818K, committed 2864K, reserved 1048576K
Event: 1.324 GC heap after
Heap after GC invocations=3 (full 0):
 PSYoungGen      total 70656K, used 5105K [0x00000000d6000000, 0x00000000daa00000, 0x0000000100000000)
  eden space 65536K, 0% used [0x00000000d6000000,0x00000000d6000000,0x00000000da000000)
  from space 5120K, 99% used [0x00000000da000000,0x00000000da4fc7a8,0x00000000da500000)
  to   space 5120K, 0% used [0x00000000da500000,0x00000000da500000,0x00000000daa00000)
 ParOldGen       total 86016K, used 11473K [0x0000000082000000, 0x0000000087400000, 0x00000000d6000000)
  object space 86016K, 13% used [0x0000000082000000,0x0000000082b34640,0x0000000087400000)
 Metaspace       used 20719K, capacity 21120K, committed 21296K, reserved 1067008K
  class space    used 2659K, capacity 2818K, committed 2864K, reserved 1048576K
}
Event: 1.324 GC heap before
{Heap before GC invocations=4 (full 1):
 PSYoungGen      total 70656K, used 5105K [0x00000000d6000000, 0x00000000daa00000, 0x0000000100000000)
  eden space 65536K, 0% used [0x00000000d6000000,0x00000000d6000000,0x00000000da000000)
  from space 5120K, 99% used [0x00000000da000000,0x00000000da4fc7a8,0x00000000da500000)
  to   space 5120K, 0% used [0x00000000da500000,0x00000000da500000,0x00000000daa00000)
 ParOldGen       total 86016K, used 11473K [0x0000000082000000, 0x0000000087400000, 0x00000000d6000000)
  object space 86016K, 13% used [0x0000000082000000,0x0000000082b34640,0x0000000087400000)
 Metaspace       used 20719K, capacity 21120K, committed 21296K, reserved 1067008K
  class space    used 2659K, capacity 2818K, committed 2864K, reserved 1048576K
Event: 1.359 GC heap after
Heap after GC invocations=4 (full 1):
 PSYoungGen      total 70656K, used 0K [0x00000000d6000000, 0x00000000daa00000, 0x0000000100000000)
  eden space 65536K, 0% used [0x00000000d6000000,0x00000000d6000000,0x00000000da000000)
  from space 5120K, 0% used [0x00000000da000000,0x00000000da000000,0x00000000da500000)
  to   space 5120K, 0% used [0x00000000da500000,0x00000000da500000,0x00000000daa00000)
 ParOldGen       total 63488K, used 8831K [0x0000000082000000, 0x0000000085e00000, 0x00000000d6000000)
  object space 63488K, 13% used [0x0000000082000000,0x000000008289fd68,0x0000000085e00000)
 Metaspace       used 20719K, capacity 21120K, committed 21296K, reserved 1067008K
  class space    used 2659K, capacity 2818K, committed 2864K, reserved 1048576K
}

Deoptimization events (10 events):
Event: 1.073 Thread 0x0000000002a14000 Uncommon trap: reason=range_check action=make_not_entrant pc=0x0000000002e7baa0 method=sun.reflect.generics.parser.SignatureParser.current()C @ 34
Event: 1.244 Thread 0x0000000002a14000 Uncommon trap: reason=class_check action=maybe_recompile pc=0x0000000002e3786c method=java.util.Collections$UnmodifiableList.get(I)Ljava/lang/Object; @ 5
Event: 1.246 Thread 0x0000000002a14000 Uncommon trap: reason=unstable_if action=reinterpret pc=0x0000000002c75788 method=java.lang.String.startsWith(Ljava/lang/String;I)Z @ 25
Event: 1.404 Thread 0x0000000002a14000 Uncommon trap: reason=unstable_if action=reinterpret pc=0x0000000002e67024 method=java.lang.String.<init>([CII)V @ 18
Event: 1.696 Thread 0x0000000002a14000 Uncommon trap: reason=unstable_if action=reinterpret pc=0x0000000003034388 method=org.jetbrains.kotlin.protobuf.CodedInputStream.readRawVarint32()I @ 10
Event: 1.752 Thread 0x0000000002a14000 Uncommon trap: reason=class_check action=maybe_recompile pc=0x000000000304528c method=org.jetbrains.kotlin.protobuf.CodedInputStream.tryRefillBuffer(I)Z @ 177
Event: 1.756 Thread 0x0000000002a14000 Uncommon trap: reason=class_check action=maybe_recompile pc=0x000000000304528c method=org.jetbrains.kotlin.protobuf.CodedInputStream.tryRefillBuffer(I)Z @ 177
Event: 1.759 Thread 0x0000000002a14000 Uncommon trap: reason=class_check action=maybe_recompile pc=0x000000000304528c method=org.jetbrains.kotlin.protobuf.CodedInputStream.tryRefillBuffer(I)Z @ 177
Event: 1.759 Thread 0x0000000002a14000 Uncommon trap: reason=class_check action=maybe_recompile pc=0x000000000304528c method=org.jetbrains.kotlin.protobuf.CodedInputStream.tryRefillBuffer(I)Z @ 177
Event: 1.898 Thread 0x0000000002a14000 Uncommon trap: reason=unstable_if action=reinterpret pc=0x00000000030b9d78 method=java.lang.reflect.Method.equals(Ljava/lang/Object;)Z @ 49

Classes redefined (0 events):
No events

Internal exceptions (10 events):
Event: 0.268 Thread 0x0000000002a14000 Exception <a 'java/security/PrivilegedActionException'> (0x00000000d6ac8058) thrown at [D:\src\AOSP-openjdk-cygwin\jdk8u\hotspot\src\share\vm\prims\jvm.cpp, line 1508]
Event: 0.516 Thread 0x0000000002a14000 Exception <a 'java/lang/ArrayIndexOutOfBoundsException'> (0x00000000d7b004b8) thrown at [D:\src\AOSP-openjdk-cygwin\jdk8u\hotspot\src\share\vm\runtime\sharedRuntime.cpp, line 605]
Event: 0.623 Thread 0x0000000002a14000 Exception <a 'java/lang/ArrayIndexOutOfBoundsException'> (0x00000000d61e68b0) thrown at [D:\src\AOSP-openjdk-cygwin\jdk8u\hotspot\src\share\vm\runtime\sharedRuntime.cpp, line 605]
Event: 0.811 Thread 0x0000000002a14000 Exception <a 'java/lang/NoSuchFieldError': method resolution failed> (0x00000000d6de9c40) thrown at [D:\src\AOSP-openjdk-cygwin\jdk8u\hotspot\src\share\vm\prims\methodHandles.cpp, line 1167]
Event: 0.813 Thread 0x0000000002a14000 Exception <a 'java/lang/NoSuchFieldError': method resolution failed> (0x00000000d6df7178) thrown at [D:\src\AOSP-openjdk-cygwin\jdk8u\hotspot\src\share\vm\prims\methodHandles.cpp, line 1167]
Event: 0.863 Thread 0x0000000002a14000 Implicit null exception at 0x0000000002ecbabb to 0x0000000002ecc079
Event: 0.995 Thread 0x0000000002a14000 Exception <a 'java/lang/NoSuchMethodError': java.lang.Object.lambda$comparing$77a9974f$1(Ljava/util/function/Function;Ljava/lang/Object;Ljava/lang/Object;)I> (0x00000000d7a27fc0) thrown at [D:\src\AOSP-openjdk-cygwin\jdk8u\hotspot\src\share\vm\interpreter
Event: 1.073 Thread 0x0000000002a14000 Exception <a 'java/lang/ArrayIndexOutOfBoundsException': 67> (0x00000000d7f6d110) thrown at [D:\src\AOSP-openjdk-cygwin\jdk8u\hotspot\src\share\vm\interpreter\interpreterRuntime.cpp, line 368]
Event: 1.217 Thread 0x0000000002a14000 Exception <a 'java/lang/NoSuchMethodError': java.lang.Object.lambda$static$0(I)[Lorg/jetbrains/kotlin/com/intellij/openapi/editor/event/DocumentListener;> (0x00000000d683c548) thrown at [D:\src\AOSP-openjdk-cygwin\jdk8u\hotspot\src\share\vm\interpreter\li
Event: 1.237 Thread 0x0000000002a14000 Exception <a 'java/lang/NoSuchMethodError': java.lang.Object.lambda$static$0(I)[Lorg/jetbrains/kotlin/com/intellij/psi/PsiAnnotation;> (0x00000000d6a0d918) thrown at [D:\src\AOSP-openjdk-cygwin\jdk8u\hotspot\src\share\vm\interpreter\linkResolver.cpp, line

Events (10 events):
Event: 2.063 loading class org/jetbrains/kotlin/resolve/ModifiersChecker$ModifiersCheckingProcedure
Event: 2.063 loading class org/jetbrains/kotlin/resolve/ModifiersChecker$ModifiersCheckingProcedure done
Event: 2.069 loading class org/jetbrains/kotlin/psi/KtCallExpression
Event: 2.069 loading class org/jetbrains/kotlin/psi/KtCallExpression done
Event: 2.071 loading class org/jetbrains/kotlin/types/expressions/ControlStructureTypingUtils$2
Event: 2.071 loading class org/jetbrains/kotlin/types/expressions/ControlStructureTypingUtils$2 done
Event: 2.071 loading class org/jetbrains/kotlin/types/expressions/ControlStructureTypingUtils$ControlStructureDataFlowInfo
Event: 2.071 loading class org/jetbrains/kotlin/types/expressions/ControlStructureTypingUtils$ControlStructureDataFlowInfo done
Event: 2.072 loading class org/jetbrains/kotlin/resolve/DeclarationsChecker
Event: 2.072 loading class org/jetbrains/kotlin/resolve/DeclarationsChecker done


Dynamic libraries:
0x00007ff6a6910000 - 0x00007ff6a6941000 	C:\Program Files\Android\Android Studio\jre\jre\bin\java.exe
0x00007ff89c7e0000 - 0x00007ff89c9d0000 	C:\WINDOWS\SYSTEM32\ntdll.dll
0x00007ff89c610000 - 0x00007ff89c6c2000 	C:\WINDOWS\System32\KERNEL32.DLL
0x00007ff899e10000 - 0x00007ff89a0b3000 	C:\WINDOWS\System32\KERNELBASE.dll
0x00007ff89b290000 - 0x00007ff89b333000 	C:\WINDOWS\System32\ADVAPI32.dll
0x00007ff89c510000 - 0x00007ff89c5ae000 	C:\WINDOWS\System32\msvcrt.dll
0x00007ff89a890000 - 0x00007ff89a927000 	C:\WINDOWS\System32\sechost.dll
0x00007ff89b700000 - 0x00007ff89b820000 	C:\WINDOWS\System32\RPCRT4.dll
0x00007ff89b0f0000 - 0x00007ff89b284000 	C:\WINDOWS\System32\USER32.dll
0x00007ff8998a0000 - 0x00007ff8998c1000 	C:\WINDOWS\System32\win32u.dll
0x00007ff89c330000 - 0x00007ff89c356000 	C:\WINDOWS\System32\GDI32.dll
0x00007ff8998f0000 - 0x00007ff899a84000 	C:\WINDOWS\System32\gdi32full.dll
0x00007ff899d70000 - 0x00007ff899e0e000 	C:\WINDOWS\System32\msvcp_win.dll
0x00007ff899770000 - 0x00007ff89986a000 	C:\WINDOWS\System32\ucrtbase.dll
0x00007ff88d090000 - 0x00007ff88d315000 	C:\WINDOWS\WinSxS\amd64_microsoft.windows.common-controls_6595b64144ccf1df_6.0.18362.657_none_e6c5b579130e3898\COMCTL32.dll
0x00007ff89adb0000 - 0x00007ff89b0e6000 	C:\WINDOWS\System32\combase.dll
0x00007ff899af0000 - 0x00007ff899b70000 	C:\WINDOWS\System32\bcryptPrimitives.dll
0x00007ff89b480000 - 0x00007ff89b4ae000 	C:\WINDOWS\System32\IMM32.DLL
0x000000006cbf0000 - 0x000000006ccc2000 	C:\Program Files\Android\Android Studio\jre\jre\bin\msvcr100.dll
0x000000006cdb0000 - 0x000000006d5f6000 	C:\Program Files\Android\Android Studio\jre\jre\bin\server\jvm.dll
0x00007ff89ada0000 - 0x00007ff89ada8000 	C:\WINDOWS\System32\PSAPI.DLL
0x00007ff8961c0000 - 0x00007ff8961e4000 	C:\WINDOWS\SYSTEM32\WINMM.dll
0x00007ff898670000 - 0x00007ff898679000 	C:\WINDOWS\SYSTEM32\WSOCK32.dll
0x00007ff893110000 - 0x00007ff89311a000 	C:\WINDOWS\SYSTEM32\VERSION.dll
0x00007ff89c020000 - 0x00007ff89c08f000 	C:\WINDOWS\System32\WS2_32.dll
0x00007ff896170000 - 0x00007ff89619d000 	C:\WINDOWS\SYSTEM32\WINMMBASE.dll
0x00007ff89a0c0000 - 0x00007ff89a10a000 	C:\WINDOWS\System32\cfgmgr32.dll
0x00007ff88c7a0000 - 0x00007ff88c7af000 	C:\Program Files\Android\Android Studio\jre\jre\bin\verify.dll
0x00007ff87d220000 - 0x00007ff87d249000 	C:\Program Files\Android\Android Studio\jre\jre\bin\java.dll
0x00007ff87d1a0000 - 0x00007ff87d1b6000 	C:\Program Files\Android\Android Studio\jre\jre\bin\zip.dll
0x00007ff89b8d0000 - 0x00007ff89bfb5000 	C:\WINDOWS\System32\SHELL32.dll
0x00007ff89b820000 - 0x00007ff89b8c9000 	C:\WINDOWS\System32\shcore.dll
0x00007ff89a110000 - 0x00007ff89a88f000 	C:\WINDOWS\System32\windows.storage.dll
0x00007ff899750000 - 0x00007ff89976f000 	C:\WINDOWS\System32\profapi.dll
0x00007ff899700000 - 0x00007ff89974a000 	C:\WINDOWS\System32\powrprof.dll
0x00007ff8996b0000 - 0x00007ff8996c0000 	C:\WINDOWS\System32\UMPDC.dll
0x00007ff89bfc0000 - 0x00007ff89c012000 	C:\WINDOWS\System32\shlwapi.dll
0x00007ff8996c0000 - 0x00007ff8996d1000 	C:\WINDOWS\System32\kernel.appcore.dll
0x00007ff8998d0000 - 0x00007ff8998e7000 	C:\WINDOWS\System32\cryptsp.dll
0x00007ff87d180000 - 0x00007ff87d19a000 	C:\Program Files\Android\Android Studio\jre\jre\bin\net.dll
0x00007ff898f20000 - 0x00007ff898f87000 	C:\WINDOWS\system32\mswsock.dll
0x00007ff87ceb0000 - 0x00007ff87cec1000 	C:\Program Files\Android\Android Studio\jre\jre\bin\nio.dll

VM Arguments:
java_command: org.jetbrains.kotlin.cli.jvm.K2JVMCompiler -Xadd-compiler-builtins -Xbuild-file=C:\Users\Vince\AppData\Local\Temp\kjps8950969800388292377app_debug.script.xml -classpath C:\Users\Vince\.gradle\caches\modules-2\files-2.1\org.jetbrains.kotlin\kotlin-stdlib-jdk7\1.3.11\4839661cf6ce3c14b65ed7dcf5b9249b44ecca16\kotlin-stdlib-jdk7-1.3.11.jar;C:\Users\Vince\.gradle\caches\transforms-1\files-1.1\appcompat-1.0.2.aar\b58673b5c79cb15ab3acc4edae9b8a4a\jars\classes.jar;C:\Users\Vince\.gradle\caches\transforms-1\files-1.1\constraintlayout-1.1.3.aar\8e6cf22b63be92d30ebc40a43b3c4b32\jars\classes.jar;C:\Users\Vince\.gradle\caches\modules-2\files-2.1\org.jetbrains.kotlin\kotlin-stdlib\1.3.11\4cbc5922a54376018307a731162ccaf3ef851a39\kotlin-stdlib-1.3.11.jar;C:\Users\Vince\.gradle\caches\transforms-1\files-1.1\fragment-1.0.0.aar\31d2d736632ac2b8fa30caa02b108fe9\jars\classes.jar;C:\Users\Vince\.gradle\caches\transforms-1\files-1.1\vectordrawable-animated-1.0.0.aar\9443150cdbe2626f8deddebba93044d8\jars\classes.jar;C:\Users\Vince\.gradle\caches\transforms-1\files-1.1\legacy-support-core-ui-1.0.0.aar\71ac4dcf1f14eecded1602124ed4403f\jars\classes.jar;C:\Users\Vince\.gradle\caches\transforms-1\files-1.1\legacy-support-core-utils-1.0.0.aar\408d07435d8b2c41e805de197ca78e53\jars\classes.jar;C:\Users\Vince\.gradle\caches\transforms-1\files-1.1\vectordrawable-1.0.1.aar\9090f84b896a86ec37b6f9ef49f62d86\jars\classes.jar;C:\Users\Vince\.gradle\caches\transforms-1\files-1.1\loader-1.0.0.aar\728c70bc41b8f07bdf946c460f0ea539\jars\classes.jar;C:\Users\Vince\.gradle\caches\transforms-1\files-1.1\viewpager-1.0.0.aar\64a4f5578306187af329d7d078167141\jars\classes.jar;C:\Users\Vince\.gradle\caches\transforms-1\files-1.1\coordinatorlayout-1.0.0.aar\87b7d51f99dc7b0cf61207e5f8f5ea00\jars\classes.jar;C:\Users\Vince\.gradle\caches\transforms-1\files-1.1\drawerlayout-1.0.0.aar\e945ceabc74d52cba567950a90960e82\jars\classes.jar;C:\Users\Vince\.gradle\caches\transforms-1\files-1.1\slidingpanelayout-1.0
java_class_path (initial): C:\Users\Vince\.gradle\caches\modules-2\files-2.1\org.jetbrains.kotlin\kotlin-compiler-embeddable\1.3.11\a8db6c14f8b8ed74aa11b8379f961587b639c571\kotlin-compiler-embeddable-1.3.11.jar;C:\Users\Vince\.gradle\caches\modules-2\files-2.1\org.jetbrains.kotlin\kotlin-reflect\1.3.11\aae7b33412715e9ed441934c4ffaad1bb80e9d36\kotlin-reflect-1.3.11.jar;C:\Users\Vince\.gradle\caches\modules-2\files-2.1\org.jetbrains.kotlin\kotlin-stdlib\1.3.11\4cbc5922a54376018307a731162ccaf3ef851a39\kotlin-stdlib-1.3.11.jar;C:\Users\Vince\.gradle\caches\modules-2\files-2.1\org.jetbrains.kotlin\kotlin-script-runtime\1.3.11\1ef3a816aeacb9cd051b3ed37e2abf88910f1503\kotlin-script-runtime-1.3.11.jar;C:\Users\Vince\.gradle\caches\modules-2\files-2.1\org.jetbrains.kotlin\kotlin-stdlib-common\1.3.11\d8b8e746e279f1c4f5e08bc14a96b82e6bb1de02\kotlin-stdlib-common-1.3.11.jar;C:\Users\Vince\.gradle\caches\modules-2\files-2.1\org.jetbrains\annotations\13.0\919f0dfe192fb4e063e7dacadee7f8bb9a2672a9\annotations-13.0.jar;C:\Program Files\Android\Android Studio\jre\lib\tools.jar
Launcher Type: SUN_STANDARD

Environment Variables:
JAVA_HOME=C:\Program Files\Java\jdk1.8.0_201;C:\MinGW\bin
PATH=C:\Program Files\Microsoft MPI\Bin\;C:\Program Files (x86)\Common Files\Oracle\Java\javapath;C:\Program Files (x86)\Intel\iCLS Client\;C:\Program Files\Intel\iCLS Client\;C:\Windows\system32;C:\Windows;C:\Windows\System32\Wbem;C:\Windows\System32\WindowsPowerShell\v1.0\;C:\Program Files\Intel\WiFi\bin\;C:\Program Files\Common Files\Intel\WirelessCommon\;C:\Program Files (x86)\NVIDIA Corporation\PhysX\Common;C:\Program Files (x86)\Intel\Intel(R) Management Engine Components\DAL;C:\Program Files\Intel\Intel(R) Management Engine Components\DAL;C:\Program Files (x86)\Intel\Intel(R) Management Engine Components\IPT;C:\Program Files\Intel\Intel(R) Management Engine Components\IPT;C:\Program Files\Acer ProShield\;C:\Program Files\Acer ProShield\x86;C:\WINDOWS\system32;C:\WINDOWS;C:\WINDOWS\System32\Wbem;C:\WINDOWS\System32\WindowsPowerShell\v1.0\;C:\WINDOWS\System32\OpenSSH\;C:\MinGW\bin;C:\Program Files\Git\cmd;C:\Program Files\Java\jdk1.8.0_201\bin;C:\adb;C:\Program Files\Java\jdk1.8.0_201\bin
USERNAME=Vince
OS=Windows_NT
PROCESSOR_IDENTIFIER=Intel64 Family 6 Model 142 Stepping 9, GenuineIntel



---------------  S Y S T E M  ---------------

OS: Windows 10.0 , 64 bit Build 18362 (10.0.18362.329)

CPU:total 4 (initial active 4) (2 cores per cpu, 2 threads per core) family 6 model 142 stepping 9, cmov, cx8, fxsr, mmx, sse, sse2, sse3, ssse3, sse4.1, sse4.2, popcnt, avx, avx2, aes, clmul, erms, 3dnowpref, lzcnt, ht, tsc, tscinvbit, bmi1, bmi2, adx

Memory: 4k page, physical 8253672k(1125876k free), swap 10202344k(9972k free)

vm_info: OpenJDK 64-Bit Server VM (25.202-b03) for windows-amd64 JRE (1.8.0_202-release-1483-b03), built by "builder" with MS VC++ 10.0 (VS2010)

time: Sun Feb 23 10:32:21 2020
timezone: China Standard Time
elapsed time: 2 seconds (0d 0h 0m 2s)

